Flow report for trabalhofinalcd
Fri Apr 14 17:13:12 2023
Quartus II 64-Bit Version 13.1.0 Build 162 10/23/2013 SJ Web Edition


---------------------
; Table of Contents ;
---------------------
  1. Legal Notice
  2. Flow Summary
  3. Flow Settings
  4. Flow Non-Default Global Settings
  5. Flow Elapsed Time
  6. Flow OS Summary
  7. Flow Log
  8. Flow Messages
  9. Flow Suppressed Messages



----------------
; Legal Notice ;
----------------
Copyright (C) 1991-2013 Altera Corporation
Your use of Altera Corporation's design tools, logic functions 
and other software and tools, and its AMPP partner logic 
functions, and any output files from any of the foregoing 
(including device programming or simulation files), and any 
associated documentation or information are expressly subject 
to the terms and conditions of the Altera Program License 
Subscription Agreement, Altera MegaCore Function License 
Agreement, or other applicable license agreement, including, 
without limitation, that your use is for the sole purpose of 
programming logic devices manufactured by Altera and sold by 
Altera or its authorized distributors.  Please refer to the 
applicable agreement for further details.



+---------------------------------------------------------------------------------+
; Flow Summary                                                                    ;
+------------------------------------+--------------------------------------------+
; Flow Status                        ; Successful - Fri Apr 14 17:13:12 2023      ;
; Quartus II 64-Bit Version          ; 13.1.0 Build 162 10/23/2013 SJ Web Edition ;
; Revision Name                      ; trabalhofinalcd                            ;
; Top-level Entity Name              ; trabalhofinalfinal_                        ;
; Family                             ; Cyclone III                                ;
; Device                             ; EP3C16U484C6                               ;
; Timing Models                      ; Final                                      ;
; Total logic elements               ; 606 / 15,408 ( 4 % )                       ;
;     Total combinational functions  ; 593 / 15,408 ( 4 % )                       ;
;     Dedicated logic registers      ; 190 / 15,408 ( 1 % )                       ;
; Total registers                    ; 190                                        ;
; Total pins                         ; 106 / 347 ( 31 % )                         ;
; Total virtual pins                 ; 0                                          ;
; Total memory bits                  ; 0 / 516,096 ( 0 % )                        ;
; Embedded Multiplier 9-bit elements ; 0 / 112 ( 0 % )                            ;
; Total PLLs                         ; 0 / 4 ( 0 % )                              ;
+------------------------------------+--------------------------------------------+


+-----------------------------------------+
; Flow Settings                           ;
+-------------------+---------------------+
; Option            ; Setting             ;
+-------------------+---------------------+
; Start date & time ; 04/14/2023 17:12:37 ;
; Main task         ; Compilation         ;
; Revision Name     ; trabalhofinalcd     ;
+-------------------+---------------------+


+---------------------------------------------------------------------------------------------------------------------------------------------------------+
; Flow Non-Default Global Settings                                                                                                                        ;
+-------------------------------------+----------------------------------------------------------+-----------------+---------------------+----------------+
; Assignment Name                     ; Value                                                    ; Default Value   ; Entity Name         ; Section Id     ;
+-------------------------------------+----------------------------------------------------------+-----------------+---------------------+----------------+
; COMPILER_SIGNATURE_ID               ; 180720257644924.168150315705064                          ; --              ; --                  ; --             ;
; EDA_GENERATE_FUNCTIONAL_NETLIST     ; On                                                       ; --              ; --                  ; eda_simulation ;
; EDA_NETLIST_WRITER_OUTPUT_DIR       ; C:/Users/aluno/Desktop/trabalhofinal-CD/simulation/qsim/ ; --              ; --                  ; eda_simulation ;
; EDA_OUTPUT_DATA_FORMAT              ; Verilog Hdl                                              ; --              ; --                  ; eda_simulation ;
; EDA_SIMULATION_TOOL                 ; ModelSim-Altera (Verilog)                                ; <None>          ; --                  ; --             ;
; EDA_TIME_SCALE                      ; 1 ps                                                     ; --              ; --                  ; eda_simulation ;
; IP_TOOL_NAME                        ; LPM_MUX                                                  ; --              ; --                  ; --             ;
; IP_TOOL_NAME                        ; LPM_COUNTER                                              ; --              ; --                  ; --             ;
; IP_TOOL_VERSION                     ; 13.1                                                     ; --              ; --                  ; --             ;
; IP_TOOL_VERSION                     ; 13.1                                                     ; --              ; --                  ; --             ;
; MAX_CORE_JUNCTION_TEMP              ; 85                                                       ; --              ; --                  ; --             ;
; MIN_CORE_JUNCTION_TEMP              ; 0                                                        ; --              ; --                  ; --             ;
; MISC_FILE                           ; mux2busx1.bsf                                            ; --              ; --                  ; --             ;
; MISC_FILE                           ; mux2busx1_inst.vhd                                       ; --              ; --                  ; --             ;
; MISC_FILE                           ; mux2busx1.inc                                            ; --              ; --                  ; --             ;
; MISC_FILE                           ; mux2busx1.cmp                                            ; --              ; --                  ; --             ;
; MISC_FILE                           ; lpm_counter0.bsf                                         ; --              ; --                  ; --             ;
; PARTITION_COLOR                     ; 16764057                                                 ; --              ; trabalhofinalfinal_ ; Top            ;
; PARTITION_FITTER_PRESERVATION_LEVEL ; PLACEMENT_AND_ROUTING                                    ; --              ; trabalhofinalfinal_ ; Top            ;
; PARTITION_NETLIST_TYPE              ; SOURCE                                                   ; --              ; trabalhofinalfinal_ ; Top            ;
; POWER_BOARD_THERMAL_MODEL           ; None (CONSERVATIVE)                                      ; --              ; --                  ; --             ;
; POWER_PRESET_COOLING_SOLUTION       ; 23 MM HEAT SINK WITH 200 LFPM AIRFLOW                    ; --              ; --                  ; --             ;
; PROJECT_OUTPUT_DIRECTORY            ; output_files                                             ; --              ; --                  ; --             ;
; TOP_LEVEL_ENTITY                    ; trabalhofinalfinal_                                      ; trabalhofinalcd ; --                  ; --             ;
+-------------------------------------+----------------------------------------------------------+-----------------+---------------------+----------------+


+-------------------------------------------------------------------------------------------------------------------------------+
; Flow Elapsed Time                                                                                                             ;
+---------------------------+--------------+-------------------------+---------------------+------------------------------------+
; Module Name               ; Elapsed Time ; Average Processors Used ; Peak Virtual Memory ; Total CPU Time (on all processors) ;
+---------------------------+--------------+-------------------------+---------------------+------------------------------------+
; Analysis & Synthesis      ; 00:00:06     ; 1.0                     ; 521 MB              ; 00:00:05                           ;
; Fitter                    ; 00:00:17     ; 1.0                     ; 754 MB              ; 00:00:17                           ;
; Assembler                 ; 00:00:01     ; 1.0                     ; 449 MB              ; 00:00:02                           ;
; TimeQuest Timing Analyzer ; 00:00:03     ; 1.0                     ; 476 MB              ; 00:00:03                           ;
; EDA Netlist Writer        ; 00:00:01     ; 1.0                     ; 395 MB              ; 00:00:01                           ;
; Total                     ; 00:00:28     ; --                      ; --                  ; 00:00:28                           ;
+---------------------------+--------------+-------------------------+---------------------+------------------------------------+


+----------------------------------------------------------------------------------------+
; Flow OS Summary                                                                        ;
+---------------------------+------------------+-----------+------------+----------------+
; Module Name               ; Machine Hostname ; OS Name   ; OS Version ; Processor type ;
+---------------------------+------------------+-----------+------------+----------------+
; Analysis & Synthesis      ; s-67-105-02      ; Windows 7 ; 6.1        ; x86_64         ;
; Fitter                    ; s-67-105-02      ; Windows 7 ; 6.1        ; x86_64         ;
; Assembler                 ; s-67-105-02      ; Windows 7 ; 6.1        ; x86_64         ;
; TimeQuest Timing Analyzer ; s-67-105-02      ; Windows 7 ; 6.1        ; x86_64         ;
; EDA Netlist Writer        ; s-67-105-02      ; Windows 7 ; 6.1        ; x86_64         ;
+---------------------------+------------------+-----------+------------+----------------+


------------
; Flow Log ;
------------
quartus_map --read_settings_files=on --write_settings_files=off trabalhofinalcd -c trabalhofinalcd
quartus_fit --read_settings_files=off --write_settings_files=off trabalhofinalcd -c trabalhofinalcd
quartus_asm --read_settings_files=off --write_settings_files=off trabalhofinalcd -c trabalhofinalcd
quartus_sta trabalhofinalcd -c trabalhofinalcd
quartus_eda --read_settings_files=off --write_settings_files=off trabalhofinalcd -c trabalhofinalcd



