Analysis & Synthesis report for trabalhofinalcd
Fri Apr 14 12:26:11 2023
Quartus II 64-Bit Version 13.1.0 Build 162 10/23/2013 SJ Web Edition


---------------------
; Table of Contents ;
---------------------
  1. Legal Notice
  2. Analysis & Synthesis Summary
  3. Analysis & Synthesis Settings
  4. Parallel Compilation
  5. Analysis & Synthesis Source Files Read
  6. Analysis & Synthesis Resource Usage Summary
  7. Analysis & Synthesis Resource Utilization by Entity
  8. Analysis & Synthesis IP Cores Summary
  9. General Register Statistics
 10. Parameter Settings for User Entity Instance: mux2busx1:inst4|LPM_MUX:LPM_MUX_component
 11. Parameter Settings for User Entity Instance: mux2busx1:inst2|LPM_MUX:LPM_MUX_component
 12. Elapsed Time Per Partition
 13. Analysis & Synthesis Messages



----------------
; Legal Notice ;
----------------
Copyright (C) 1991-2013 Altera Corporation
Your use of Altera Corporation's design tools, logic functions 
and other software and tools, and its AMPP partner logic 
functions, and any output files from any of the foregoing 
(including device programming or simulation files), and any 
associated documentation or information are expressly subject 
to the terms and conditions of the Altera Program License 
Subscription Agreement, Altera MegaCore Function License 
Agreement, or other applicable license agreement, including, 
without limitation, that your use is for the sole purpose of 
programming logic devices manufactured by Altera and sold by 
Altera or its authorized distributors.  Please refer to the 
applicable agreement for further details.



+---------------------------------------------------------------------------------+
; Analysis & Synthesis Summary                                                    ;
+------------------------------------+--------------------------------------------+
; Analysis & Synthesis Status        ; Successful - Fri Apr 14 12:26:11 2023      ;
; Quartus II 64-Bit Version          ; 13.1.0 Build 162 10/23/2013 SJ Web Edition ;
; Revision Name                      ; trabalhofinalcd                            ;
; Top-level Entity Name              ; controlevisor                              ;
; Family                             ; Cyclone III                                ;
; Total logic elements               ; 18                                         ;
;     Total combinational functions  ; 18                                         ;
;     Dedicated logic registers      ; 0                                          ;
; Total registers                    ; 0                                          ;
; Total pins                         ; 88                                         ;
; Total virtual pins                 ; 0                                          ;
; Total memory bits                  ; 0                                          ;
; Embedded Multiplier 9-bit elements ; 0                                          ;
; Total PLLs                         ; 0                                          ;
+------------------------------------+--------------------------------------------+


+----------------------------------------------------------------------------------------------------------------------+
; Analysis & Synthesis Settings                                                                                        ;
+----------------------------------------------------------------------------+--------------------+--------------------+
; Option                                                                     ; Setting            ; Default Value      ;
+----------------------------------------------------------------------------+--------------------+--------------------+
; Device                                                                     ; EP3C16U484C6       ;                    ;
; Top-level entity name                                                      ; controlevisor      ; trabalhofinalcd    ;
; Family name                                                                ; Cyclone III        ; Cyclone IV GX      ;
; Use smart compilation                                                      ; Off                ; Off                ;
; Enable parallel Assembler and TimeQuest Timing Analyzer during compilation ; On                 ; On                 ;
; Enable compact report table                                                ; Off                ; Off                ;
; Restructure Multiplexers                                                   ; Auto               ; Auto               ;
; Create Debugging Nodes for IP Cores                                        ; Off                ; Off                ;
; Preserve fewer node names                                                  ; On                 ; On                 ;
; Disable OpenCore Plus hardware evaluation                                  ; Off                ; Off                ;
; Verilog Version                                                            ; Verilog_2001       ; Verilog_2001       ;
; VHDL Version                                                               ; VHDL_1993          ; VHDL_1993          ;
; State Machine Processing                                                   ; Auto               ; Auto               ;
; Safe State Machine                                                         ; Off                ; Off                ;
; Extract Verilog State Machines                                             ; On                 ; On                 ;
; Extract VHDL State Machines                                                ; On                 ; On                 ;
; Ignore Verilog initial constructs                                          ; Off                ; Off                ;
; Iteration limit for constant Verilog loops                                 ; 5000               ; 5000               ;
; Iteration limit for non-constant Verilog loops                             ; 250                ; 250                ;
; Add Pass-Through Logic to Inferred RAMs                                    ; On                 ; On                 ;
; Infer RAMs from Raw Logic                                                  ; On                 ; On                 ;
; Parallel Synthesis                                                         ; On                 ; On                 ;
; DSP Block Balancing                                                        ; Auto               ; Auto               ;
; NOT Gate Push-Back                                                         ; On                 ; On                 ;
; Power-Up Don't Care                                                        ; On                 ; On                 ;
; Remove Redundant Logic Cells                                               ; Off                ; Off                ;
; Remove Duplicate Registers                                                 ; On                 ; On                 ;
; Ignore CARRY Buffers                                                       ; Off                ; Off                ;
; Ignore CASCADE Buffers                                                     ; Off                ; Off                ;
; Ignore GLOBAL Buffers                                                      ; Off                ; Off                ;
; Ignore ROW GLOBAL Buffers                                                  ; Off                ; Off                ;
; Ignore LCELL Buffers                                                       ; Off                ; Off                ;
; Ignore SOFT Buffers                                                        ; On                 ; On                 ;
; Limit AHDL Integers to 32 Bits                                             ; Off                ; Off                ;
; Optimization Technique                                                     ; Balanced           ; Balanced           ;
; Carry Chain Length                                                         ; 70                 ; 70                 ;
; Auto Carry Chains                                                          ; On                 ; On                 ;
; Auto Open-Drain Pins                                                       ; On                 ; On                 ;
; Perform WYSIWYG Primitive Resynthesis                                      ; Off                ; Off                ;
; Auto ROM Replacement                                                       ; On                 ; On                 ;
; Auto RAM Replacement                                                       ; On                 ; On                 ;
; Auto DSP Block Replacement                                                 ; On                 ; On                 ;
; Auto Shift Register Replacement                                            ; Auto               ; Auto               ;
; Allow Shift Register Merging across Hierarchies                            ; Auto               ; Auto               ;
; Auto Clock Enable Replacement                                              ; On                 ; On                 ;
; Strict RAM Replacement                                                     ; Off                ; Off                ;
; Allow Synchronous Control Signals                                          ; On                 ; On                 ;
; Force Use of Synchronous Clear Signals                                     ; Off                ; Off                ;
; Auto RAM Block Balancing                                                   ; On                 ; On                 ;
; Auto RAM to Logic Cell Conversion                                          ; Off                ; Off                ;
; Auto Resource Sharing                                                      ; Off                ; Off                ;
; Allow Any RAM Size For Recognition                                         ; Off                ; Off                ;
; Allow Any ROM Size For Recognition                                         ; Off                ; Off                ;
; Allow Any Shift Register Size For Recognition                              ; Off                ; Off                ;
; Use LogicLock Constraints during Resource Balancing                        ; On                 ; On                 ;
; Ignore translate_off and synthesis_off directives                          ; Off                ; Off                ;
; Timing-Driven Synthesis                                                    ; On                 ; On                 ;
; Report Parameter Settings                                                  ; On                 ; On                 ;
; Report Source Assignments                                                  ; On                 ; On                 ;
; Report Connectivity Checks                                                 ; On                 ; On                 ;
; Ignore Maximum Fan-Out Assignments                                         ; Off                ; Off                ;
; Synchronization Register Chain Length                                      ; 2                  ; 2                  ;
; PowerPlay Power Optimization                                               ; Normal compilation ; Normal compilation ;
; HDL message level                                                          ; Level2             ; Level2             ;
; Suppress Register Optimization Related Messages                            ; Off                ; Off                ;
; Number of Removed Registers Reported in Synthesis Report                   ; 5000               ; 5000               ;
; Number of Swept Nodes Reported in Synthesis Report                         ; 5000               ; 5000               ;
; Number of Inverted Registers Reported in Synthesis Report                  ; 100                ; 100                ;
; Clock MUX Protection                                                       ; On                 ; On                 ;
; Auto Gated Clock Conversion                                                ; Off                ; Off                ;
; Block Design Naming                                                        ; Auto               ; Auto               ;
; SDC constraint protection                                                  ; Off                ; Off                ;
; Synthesis Effort                                                           ; Auto               ; Auto               ;
; Shift Register Replacement - Allow Asynchronous Clear Signal               ; On                 ; On                 ;
; Pre-Mapping Resynthesis Optimization                                       ; Off                ; Off                ;
; Analysis & Synthesis Message Level                                         ; Medium             ; Medium             ;
; Disable Register Merging Across Hierarchies                                ; Auto               ; Auto               ;
; Resource Aware Inference For Block RAM                                     ; On                 ; On                 ;
; Synthesis Seed                                                             ; 1                  ; 1                  ;
+----------------------------------------------------------------------------+--------------------+--------------------+


Parallel compilation was disabled, but you have multiple processors available. Enable parallel compilation to reduce compilation time.
+-------------------------------------+
; Parallel Compilation                ;
+----------------------------+--------+
; Processors                 ; Number ;
+----------------------------+--------+
; Number detected on machine ; 4      ;
; Maximum allowed            ; 1      ;
+----------------------------+--------+


+----------------------------------------------------------------------------------------------------------------------------------------------------------------------+
; Analysis & Synthesis Source Files Read                                                                                                                               ;
+----------------------------------+-----------------+------------------------------------+------------------------------------------------------------------+---------+
; File Name with User-Entered Path ; Used in Netlist ; File Type                          ; File Name with Absolute Path                                     ; Library ;
+----------------------------------+-----------------+------------------------------------+------------------------------------------------------------------+---------+
; mux2busx1.vhd                    ; yes             ; User Wizard-Generated File         ; C:/Users/aluno/Desktop/trabalhofinal-CD/mux2busx1.vhd            ;         ;
; display_utils.bdf                ; yes             ; User Block Diagram/Schematic File  ; C:/Users/aluno/Desktop/trabalhofinal-CD/display_utils.bdf        ;         ;
; display/ledG.bdf                 ; yes             ; User Block Diagram/Schematic File  ; C:/Users/aluno/Desktop/trabalhofinal-CD/display/ledG.bdf         ;         ;
; display/ledF.bdf                 ; yes             ; User Block Diagram/Schematic File  ; C:/Users/aluno/Desktop/trabalhofinal-CD/display/ledF.bdf         ;         ;
; display/ledE.bdf                 ; yes             ; User Block Diagram/Schematic File  ; C:/Users/aluno/Desktop/trabalhofinal-CD/display/ledE.bdf         ;         ;
; display/ledD.bdf                 ; yes             ; User Block Diagram/Schematic File  ; C:/Users/aluno/Desktop/trabalhofinal-CD/display/ledD.bdf         ;         ;
; display/ledC.bdf                 ; yes             ; User Block Diagram/Schematic File  ; C:/Users/aluno/Desktop/trabalhofinal-CD/display/ledC.bdf         ;         ;
; display/ledB.bdf                 ; yes             ; User Block Diagram/Schematic File  ; C:/Users/aluno/Desktop/trabalhofinal-CD/display/ledB.bdf         ;         ;
; display/ledA.bdf                 ; yes             ; User Block Diagram/Schematic File  ; C:/Users/aluno/Desktop/trabalhofinal-CD/display/ledA.bdf         ;         ;
; display/decoddisplay.bdf         ; yes             ; User Block Diagram/Schematic File  ; C:/Users/aluno/Desktop/trabalhofinal-CD/display/decoddisplay.bdf ;         ;
; decod2x4.bdf                     ; yes             ; User Block Diagram/Schematic File  ; C:/Users/aluno/Desktop/trabalhofinal-CD/decod2x4.bdf             ;         ;
; mux16busx1.bdf                   ; yes             ; User Block Diagram/Schematic File  ; C:/Users/aluno/Desktop/trabalhofinal-CD/mux16busx1.bdf           ;         ;
; controlevisor.bdf                ; yes             ; User Block Diagram/Schematic File  ; C:/Users/aluno/Desktop/trabalhofinal-CD/controlevisor.bdf        ;         ;
; codec_mux.bdf                    ; yes             ; User Block Diagram/Schematic File  ; C:/Users/aluno/Desktop/trabalhofinal-CD/codec_mux.bdf            ;         ;
; 161mux.bdf                       ; yes             ; Megafunction                       ; c:/altera/13.1/quartus/libraries/others/maxplus2/161mux.bdf      ;         ;
; lpm_mux.tdf                      ; yes             ; Megafunction                       ; c:/altera/13.1/quartus/libraries/megafunctions/lpm_mux.tdf       ;         ;
; aglobal131.inc                   ; yes             ; Megafunction                       ; c:/altera/13.1/quartus/libraries/megafunctions/aglobal131.inc    ;         ;
; muxlut.inc                       ; yes             ; Megafunction                       ; c:/altera/13.1/quartus/libraries/megafunctions/muxlut.inc        ;         ;
; bypassff.inc                     ; yes             ; Megafunction                       ; c:/altera/13.1/quartus/libraries/megafunctions/bypassff.inc      ;         ;
; altshift.inc                     ; yes             ; Megafunction                       ; c:/altera/13.1/quartus/libraries/megafunctions/altshift.inc      ;         ;
; db/mux_f6e.tdf                   ; yes             ; Auto-Generated Megafunction        ; C:/Users/aluno/Desktop/trabalhofinal-CD/db/mux_f6e.tdf           ;         ;
+----------------------------------+-----------------+------------------------------------+------------------------------------------------------------------+---------+


+--------------------------------------------------------------+
; Analysis & Synthesis Resource Usage Summary                  ;
+---------------------------------------------+----------------+
; Resource                                    ; Usage          ;
+---------------------------------------------+----------------+
; Estimated Total logic elements              ; 18             ;
;                                             ;                ;
; Total combinational functions               ; 18             ;
; Logic element usage by number of LUT inputs ;                ;
;     -- 4 input functions                    ; 8              ;
;     -- 3 input functions                    ; 5              ;
;     -- <=2 input functions                  ; 5              ;
;                                             ;                ;
; Logic elements by mode                      ;                ;
;     -- normal mode                          ; 18             ;
;     -- arithmetic mode                      ; 0              ;
;                                             ;                ;
; Total registers                             ; 0              ;
;     -- Dedicated logic registers            ; 0              ;
;     -- I/O registers                        ; 0              ;
;                                             ;                ;
; I/O pins                                    ; 88             ;
; Embedded Multiplier 9-bit elements          ; 0              ;
; Maximum fan-out node                        ; count[1]~input ;
; Maximum fan-out                             ; 12             ;
; Total fan-out                               ; 173            ;
; Average fan-out                             ; 0.89           ;
+---------------------------------------------+----------------+


+------------------------------------------------------------------------------------------------------------------------------------------------------------------------------------------------------------------------------------------------+
; Analysis & Synthesis Resource Utilization by Entity                                                                                                                                                                                            ;
+-----------------------------------+-------------------+--------------+-------------+--------------+---------+-----------+------+--------------+---------------------------------------------------------------------------------+--------------+
; Compilation Hierarchy Node        ; LC Combinationals ; LC Registers ; Memory Bits ; DSP Elements ; DSP 9x9 ; DSP 18x18 ; Pins ; Virtual Pins ; Full Hierarchy Name                                                             ; Library Name ;
+-----------------------------------+-------------------+--------------+-------------+--------------+---------+-----------+------+--------------+---------------------------------------------------------------------------------+--------------+
; |controlevisor                    ; 18 (4)            ; 0 (0)        ; 0           ; 0            ; 0       ; 0         ; 88   ; 0            ; |controlevisor                                                                  ; work         ;
;    |decod2x4:inst1|               ; 4 (4)             ; 0 (0)        ; 0           ; 0            ; 0       ; 0         ; 0    ; 0            ; |controlevisor|decod2x4:inst1                                                   ; work         ;
;    |display_utils:inst123|        ; 4 (4)             ; 0 (0)        ; 0           ; 0            ; 0       ; 0         ; 0    ; 0            ; |controlevisor|display_utils:inst123                                            ; work         ;
;    |display_utils:inst3|          ; 4 (4)             ; 0 (0)        ; 0           ; 0            ; 0       ; 0         ; 0    ; 0            ; |controlevisor|display_utils:inst3                                              ; work         ;
;    |display_utils:inst9|          ; 1 (1)             ; 0 (0)        ; 0           ; 0            ; 0       ; 0         ; 0    ; 0            ; |controlevisor|display_utils:inst9                                              ; work         ;
;    |mux2busx1:inst4|              ; 1 (0)             ; 0 (0)        ; 0           ; 0            ; 0       ; 0         ; 0    ; 0            ; |controlevisor|mux2busx1:inst4                                                  ; work         ;
;       |lpm_mux:LPM_MUX_component| ; 1 (0)             ; 0 (0)        ; 0           ; 0            ; 0       ; 0         ; 0    ; 0            ; |controlevisor|mux2busx1:inst4|lpm_mux:LPM_MUX_component                        ; work         ;
;          |mux_f6e:auto_generated| ; 1 (1)             ; 0 (0)        ; 0           ; 0            ; 0       ; 0         ; 0    ; 0            ; |controlevisor|mux2busx1:inst4|lpm_mux:LPM_MUX_component|mux_f6e:auto_generated ; work         ;
+-----------------------------------+-------------------+--------------+-------------+--------------+---------+-----------+------+--------------+---------------------------------------------------------------------------------+--------------+
Note: For table entries with two numbers listed, the numbers in parentheses indicate the number of resources of the given type used by the specific entity alone. The numbers listed outside of parentheses indicate the total resources of the given type used by the specific entity and all of its sub-entities in the hierarchy.


+--------------------------------------------------------------------------------------------------------------------------------------------------------+
; Analysis & Synthesis IP Cores Summary                                                                                                                  ;
+--------+--------------+---------+--------------+--------------+--------------------------------+-------------------------------------------------------+
; Vendor ; IP Core Name ; Version ; Release Date ; License Type ; Entity Instance                ; IP Include File                                       ;
+--------+--------------+---------+--------------+--------------+--------------------------------+-------------------------------------------------------+
; Altera ; LPM_MUX      ; N/A     ; N/A          ; N/A          ; |controlevisor|mux2busx1:inst2 ; C:/Users/aluno/Desktop/trabalhofinal-CD/mux2busx1.vhd ;
; Altera ; LPM_MUX      ; N/A     ; N/A          ; N/A          ; |controlevisor|mux2busx1:inst4 ; C:/Users/aluno/Desktop/trabalhofinal-CD/mux2busx1.vhd ;
+--------+--------------+---------+--------------+--------------+--------------------------------+-------------------------------------------------------+


+------------------------------------------------------+
; General Register Statistics                          ;
+----------------------------------------------+-------+
; Statistic                                    ; Value ;
+----------------------------------------------+-------+
; Total registers                              ; 0     ;
; Number of registers using Synchronous Clear  ; 0     ;
; Number of registers using Synchronous Load   ; 0     ;
; Number of registers using Asynchronous Clear ; 0     ;
; Number of registers using Asynchronous Load  ; 0     ;
; Number of registers using Clock Enable       ; 0     ;
; Number of registers using Preset             ; 0     ;
+----------------------------------------------+-------+


+----------------------------------------------------------------------------------------+
; Parameter Settings for User Entity Instance: mux2busx1:inst4|LPM_MUX:LPM_MUX_component ;
+------------------------+-------------+-------------------------------------------------+
; Parameter Name         ; Value       ; Type                                            ;
+------------------------+-------------+-------------------------------------------------+
; AUTO_CARRY_CHAINS      ; ON          ; AUTO_CARRY                                      ;
; IGNORE_CARRY_BUFFERS   ; OFF         ; IGNORE_CARRY                                    ;
; AUTO_CASCADE_CHAINS    ; ON          ; AUTO_CASCADE                                    ;
; IGNORE_CASCADE_BUFFERS ; OFF         ; IGNORE_CASCADE                                  ;
; LPM_WIDTH              ; 7           ; Signed Integer                                  ;
; LPM_SIZE               ; 2           ; Signed Integer                                  ;
; LPM_WIDTHS             ; 1           ; Signed Integer                                  ;
; LPM_PIPELINE           ; 0           ; Signed Integer                                  ;
; CBXI_PARAMETER         ; mux_f6e     ; Untyped                                         ;
; DEVICE_FAMILY          ; Cyclone III ; Untyped                                         ;
+------------------------+-------------+-------------------------------------------------+
Note: In order to hide this table in the UI and the text report file, please set the "Show Parameter Settings in Synthesis Report" option in "Analysis and Synthesis Settings -> More Settings" to "Off".


+----------------------------------------------------------------------------------------+
; Parameter Settings for User Entity Instance: mux2busx1:inst2|LPM_MUX:LPM_MUX_component ;
+------------------------+-------------+-------------------------------------------------+
; Parameter Name         ; Value       ; Type                                            ;
+------------------------+-------------+-------------------------------------------------+
; AUTO_CARRY_CHAINS      ; ON          ; AUTO_CARRY                                      ;
; IGNORE_CARRY_BUFFERS   ; OFF         ; IGNORE_CARRY                                    ;
; AUTO_CASCADE_CHAINS    ; ON          ; AUTO_CASCADE                                    ;
; IGNORE_CASCADE_BUFFERS ; OFF         ; IGNORE_CASCADE                                  ;
; LPM_WIDTH              ; 7           ; Signed Integer                                  ;
; LPM_SIZE               ; 2           ; Signed Integer                                  ;
; LPM_WIDTHS             ; 1           ; Signed Integer                                  ;
; LPM_PIPELINE           ; 0           ; Signed Integer                                  ;
; CBXI_PARAMETER         ; mux_f6e     ; Untyped                                         ;
; DEVICE_FAMILY          ; Cyclone III ; Untyped                                         ;
+------------------------+-------------+-------------------------------------------------+
Note: In order to hide this table in the UI and the text report file, please set the "Show Parameter Settings in Synthesis Report" option in "Analysis and Synthesis Settings -> More Settings" to "Off".


+-------------------------------+
; Elapsed Time Per Partition    ;
+----------------+--------------+
; Partition Name ; Elapsed Time ;
+----------------+--------------+
; Top            ; 00:00:00     ;
+----------------+--------------+


+-------------------------------+
; Analysis & Synthesis Messages ;
+-------------------------------+
Info: *******************************************************************
Info: Running Quartus II 64-Bit Analysis & Synthesis
    Info: Version 13.1.0 Build 162 10/23/2013 SJ Web Edition
    Info: Processing started: Fri Apr 14 12:26:08 2023
Info: Command: quartus_map --read_settings_files=on --write_settings_files=off trabalhofinalcd -c trabalhofinalcd
Warning (20028): Parallel compilation is not licensed and has been disabled
Info (12021): Found 2 design units, including 1 entities, in source file mux2busx1.vhd
    Info (12022): Found design unit 1: mux2busx1-SYN
    Info (12023): Found entity 1: mux2busx1
Info (12021): Found 1 design units, including 1 entities, in source file display_utils.bdf
    Info (12023): Found entity 1: display_utils
Info (12021): Found 1 design units, including 1 entities, in source file uc.bdf
    Info (12023): Found entity 1: UC
Info (12021): Found 1 design units, including 1 entities, in source file maquina_c.bdf
    Info (12023): Found entity 1: MAQUINA_C
Info (12021): Found 1 design units, including 1 entities, in source file maquina_b.bdf
    Info (12023): Found entity 1: MAQUINA_B
Info (12021): Found 1 design units, including 1 entities, in source file maquina_a.bdf
    Info (12023): Found entity 1: MAQUINA_A
Info (12021): Found 1 design units, including 1 entities, in source file contador.bdf
    Info (12023): Found entity 1: contador
Info (12021): Found 1 design units, including 1 entities, in source file display/name_top.bdf
    Info (12023): Found entity 1: name_top
Info (12021): Found 1 design units, including 1 entities, in source file display/ledg.bdf
    Info (12023): Found entity 1: ledG
Info (12021): Found 1 design units, including 1 entities, in source file display/ledf.bdf
    Info (12023): Found entity 1: ledF
Info (12021): Found 1 design units, including 1 entities, in source file display/lede.bdf
    Info (12023): Found entity 1: ledE
Info (12021): Found 1 design units, including 1 entities, in source file display/ledd.bdf
    Info (12023): Found entity 1: ledD
Info (12021): Found 1 design units, including 1 entities, in source file display/ledc.bdf
    Info (12023): Found entity 1: ledC
Info (12021): Found 1 design units, including 1 entities, in source file display/ledb.bdf
    Info (12023): Found entity 1: ledB
Info (12021): Found 1 design units, including 1 entities, in source file display/leda.bdf
    Info (12023): Found entity 1: ledA
Info (12021): Found 1 design units, including 1 entities, in source file display/decoddisplay.bdf
    Info (12023): Found entity 1: decoddisplay
Info (12021): Found 1 design units, including 1 entities, in source file decod4x16.bdf
    Info (12023): Found entity 1: decod4x16
Info (12021): Found 1 design units, including 1 entities, in source file decod2x4.bdf
    Info (12023): Found entity 1: decod2x4
Info (12021): Found 1 design units, including 1 entities, in source file reg_1byte.bdf
    Info (12023): Found entity 1: REG_1BYTE
Info (12021): Found 1 design units, including 1 entities, in source file reg_1bit.bdf
    Info (12023): Found entity 1: REG_1BIT
Info (12021): Found 1 design units, including 1 entities, in source file mem_16add.bdf
    Info (12023): Found entity 1: MEM_16ADD
Info (12021): Found 1 design units, including 1 entities, in source file mux16busx1.bdf
    Info (12023): Found entity 1: mux16busx1
Info (12021): Found 1 design units, including 1 entities, in source file trabalhofinal.bdf
    Info (12023): Found entity 1: trabalhofinal
Info (12021): Found 1 design units, including 1 entities, in source file controlevisor.bdf
    Info (12023): Found entity 1: controlevisor
Info (12021): Found 1 design units, including 1 entities, in source file mem_16add_swap.bdf
    Info (12023): Found entity 1: MEM_16ADD_SWAP
Info (12021): Found 1 design units, including 1 entities, in source file reg_1byte_swap.bdf
    Info (12023): Found entity 1: REG_1BYTE_SWAP
Info (12021): Found 1 design units, including 1 entities, in source file reg_1bit_swap.bdf
    Info (12023): Found entity 1: REG_1BIT_SWAP
Info (12021): Found 1 design units, including 1 entities, in source file trabalhofinal_swap.bdf
    Info (12023): Found entity 1: trabalhofinal_swap
Info (12021): Found 2 design units, including 1 entities, in source file lpm_counter0.vhd
    Info (12022): Found design unit 1: lpm_counter0-SYN
    Info (12023): Found entity 1: lpm_counter0
Info (12021): Found 1 design units, including 1 entities, in source file trabalhofinalfinal_.bdf
    Info (12023): Found entity 1: trabalhofinalfinal_
Info (12021): Found 1 design units, including 1 entities, in source file codec_mux.bdf
    Info (12023): Found entity 1: codec_mux
Info (12127): Elaborating entity "controlevisor" for the top level hierarchy
Info (12128): Elaborating entity "display_utils" for hierarchy "display_utils:inst123"
Info (12128): Elaborating entity "decod2x4" for hierarchy "decod2x4:inst1"
Info (12128): Elaborating entity "decoddisplay" for hierarchy "decoddisplay:inst6"
Info (12128): Elaborating entity "ledA" for hierarchy "decoddisplay:inst6|ledA:inst"
Info (12128): Elaborating entity "ledB" for hierarchy "decoddisplay:inst6|ledB:inst2"
Info (12128): Elaborating entity "ledC" for hierarchy "decoddisplay:inst6|ledC:inst3"
Info (12128): Elaborating entity "ledD" for hierarchy "decoddisplay:inst6|ledD:inst4"
Info (12128): Elaborating entity "ledE" for hierarchy "decoddisplay:inst6|ledE:inst5"
Warning (275008): Primitive "NOT" of instance "inst11" not used
Info (12128): Elaborating entity "ledF" for hierarchy "decoddisplay:inst6|ledF:inst6"
Info (12128): Elaborating entity "ledG" for hierarchy "decoddisplay:inst6|ledG:inst7"
Info (12128): Elaborating entity "mux16busx1" for hierarchy "mux16busx1:inst49"
Info (12128): Elaborating entity "161mux" for hierarchy "mux16busx1:inst49|161mux:inst6"
Info (12130): Elaborated megafunction instantiation "mux16busx1:inst49|161mux:inst6"
Info (12128): Elaborating entity "codec_mux" for hierarchy "codec_mux:inst50"
Warning (275043): Pin "ad1" is missing source
Warning (275009): Pin "address_down" not connected
Warning (275008): Primitive "OR2" of instance "inst2" not used
Info (12128): Elaborating entity "mux2busx1" for hierarchy "mux2busx1:inst4"
Info (12128): Elaborating entity "LPM_MUX" for hierarchy "mux2busx1:inst4|LPM_MUX:LPM_MUX_component"
Info (12130): Elaborated megafunction instantiation "mux2busx1:inst4|LPM_MUX:LPM_MUX_component"
Info (12133): Instantiated megafunction "mux2busx1:inst4|LPM_MUX:LPM_MUX_component" with the following parameter:
    Info (12134): Parameter "LPM_WIDTH" = "7"
    Info (12134): Parameter "LPM_SIZE" = "2"
    Info (12134): Parameter "LPM_WIDTHS" = "1"
    Info (12134): Parameter "LPM_PIPELINE" = "0"
    Info (12134): Parameter "LPM_TYPE" = "LPM_MUX"
    Info (12134): Parameter "LPM_HINT" = "UNUSED"
Info (12021): Found 1 design units, including 1 entities, in source file db/mux_f6e.tdf
    Info (12023): Found entity 1: mux_f6e
Info (12128): Elaborating entity "mux_f6e" for hierarchy "mux2busx1:inst4|LPM_MUX:LPM_MUX_component|mux_f6e:auto_generated"
Warning (13024): Output pins are stuck at VCC or GND
    Warning (13410): Pin "a1teste" is stuck at VCC
    Warning (13410): Pin "VISOR3_REG[0]" is stuck at VCC
    Warning (13410): Pin "decod0[6]" is stuck at GND
    Warning (13410): Pin "decod0[5]" is stuck at GND
    Warning (13410): Pin "decod0[4]" is stuck at GND
    Warning (13410): Pin "decod0[3]" is stuck at VCC
    Warning (13410): Pin "decod0[2]" is stuck at VCC
    Warning (13410): Pin "decod0[1]" is stuck at VCC
    Warning (13410): Pin "decod0[0]" is stuck at GND
    Warning (13410): Pin "decod1[6]" is stuck at GND
    Warning (13410): Pin "decod1[5]" is stuck at GND
    Warning (13410): Pin "decod1[4]" is stuck at GND
    Warning (13410): Pin "decod1[3]" is stuck at VCC
    Warning (13410): Pin "decod1[2]" is stuck at VCC
    Warning (13410): Pin "decod1[1]" is stuck at VCC
    Warning (13410): Pin "decod1[0]" is stuck at GND
    Warning (13410): Pin "VISOR0_REG[2]" is stuck at VCC
    Warning (13410): Pin "VISOR0_REG[1]" is stuck at VCC
    Warning (13410): Pin "VISOR1_REG[3]" is stuck at VCC
    Warning (13410): Pin "VISOR1_REG[1]" is stuck at VCC
Info (286030): Timing-Driven Synthesis is running
Info (16010): Generating hard_block partition "hard_block:auto_generated_inst"
    Info (16011): Adding 0 node(s), including 0 DDIO, 0 PLL, 0 transceiver and 0 LCELL
Warning (21074): Design contains 32 input pin(s) that do not drive logic
    Warning (15610): No output dependent on input pin "data_user[7]"
    Warning (15610): No output dependent on input pin "data_user[6]"
    Warning (15610): No output dependent on input pin "data_user[5]"
    Warning (15610): No output dependent on input pin "data_user[4]"
    Warning (15610): No output dependent on input pin "data_user[3]"
    Warning (15610): No output dependent on input pin "data_user[2]"
    Warning (15610): No output dependent on input pin "data_user[1]"
    Warning (15610): No output dependent on input pin "data_user[0]"
    Warning (15610): No output dependent on input pin "address_up[7]"
    Warning (15610): No output dependent on input pin "address_up[6]"
    Warning (15610): No output dependent on input pin "address_up[5]"
    Warning (15610): No output dependent on input pin "address_up[4]"
    Warning (15610): No output dependent on input pin "address_up[3]"
    Warning (15610): No output dependent on input pin "address_up[2]"
    Warning (15610): No output dependent on input pin "address_up[1]"
    Warning (15610): No output dependent on input pin "address_up[0]"
    Warning (15610): No output dependent on input pin "address_down[7]"
    Warning (15610): No output dependent on input pin "address_down[6]"
    Warning (15610): No output dependent on input pin "address_down[5]"
    Warning (15610): No output dependent on input pin "address_down[4]"
    Warning (15610): No output dependent on input pin "address_down[3]"
    Warning (15610): No output dependent on input pin "address_down[2]"
    Warning (15610): No output dependent on input pin "address_down[1]"
    Warning (15610): No output dependent on input pin "address_down[0]"
    Warning (15610): No output dependent on input pin "read_reg[7]"
    Warning (15610): No output dependent on input pin "read_reg[6]"
    Warning (15610): No output dependent on input pin "read_reg[5]"
    Warning (15610): No output dependent on input pin "read_reg[4]"
    Warning (15610): No output dependent on input pin "read_reg[3]"
    Warning (15610): No output dependent on input pin "read_reg[2]"
    Warning (15610): No output dependent on input pin "read_reg[1]"
    Warning (15610): No output dependent on input pin "read_reg[0]"
Info (21057): Implemented 106 device resources after synthesis - the final resource count might be different
    Info (21058): Implemented 40 input pins
    Info (21059): Implemented 48 output pins
    Info (21061): Implemented 18 logic cells
Info: Quartus II 64-Bit Analysis & Synthesis was successful. 0 errors, 59 warnings
    Info: Peak virtual memory: 524 megabytes
    Info: Processing ended: Fri Apr 14 12:26:11 2023
    Info: Elapsed time: 00:00:03
    Info: Total CPU time (on all processors): 00:00:03


